app/build/outputs/logs/manifest-merger-debug-report.txt
-- Merging decision tree log ---
manifest
ADDED from src/main/AndroidManifest.xml:2:1-110:12
	package
		ADDED from src/main/AndroidManifest.xml:3:5-40
		INJECTED from src/main/AndroidManifest.xml
		INJECTED from src/main/AndroidManifest.xml
	android:versionName
		ADDED from src/main/AndroidManifest.xml:5:5-30
		INJECTED from src/main/AndroidManifest.xml
		INJECTED from src/main/AndroidManifest.xml
	android:versionCode
		ADDED from src/main/AndroidManifest.xml:4:5-28
		INJECTED from src/main/AndroidManifest.xml
		INJECTED from src/main/AndroidManifest.xml
	xmlns:android
		ADDED from src/main/AndroidManifest.xml:2:11-69
supports-screens
ADDED from src/main/AndroidManifest.xml:7:5-12:39
	android:largeScreens
		ADDED from src/main/AndroidManifest.xml:9:9-36
	android:smallScreens
		ADDED from src/main/AndroidManifest.xml:12:9-36
	android:normalScreens
		ADDED from src/main/AndroidManifest.xml:10:9-37
	android:resizeable
		ADDED from src/main/AndroidManifest.xml:11:9-34
	android:anyDensity
		ADDED from src/main/AndroidManifest.xml:8:9-34
uses-permission#android.permission.INTERNET
ADDED from src/main/AndroidManifest.xml:14:5-67
	android:name
		ADDED from src/main/AndroidManifest.xml:14:22-64
uses-permission#android.permission.ACCESS_NETWORK_STATE
ADDED from src/main/AndroidManifest.xml:15:5-79
	android:name
		ADDED from src/main/AndroidManifest.xml:15:22-76
uses-permission#android.permission.READ_EXTERNAL_STORAGE
ADDED from src/main/AndroidManifest.xml:16:5-80
	android:name
		ADDED from src/main/AndroidManifest.xml:16:22-77
uses-permission#android.permission.WRITE_EXTERNAL_STORAGE
ADDED from src/main/AndroidManifest.xml:17:5-81
	android:name
		ADDED from src/main/AndroidManifest.xml:17:22-78
application
ADDED from src/main/AndroidManifest.xml:19:5-108:19
MERGED from [com.android.support:support-v4:23.0.1] AndroidManifest.xml:22:5-20
MERGED from [com.android.support:design:22.2.0] AndroidManifest.xml:22:5-20
MERGED from [com.android.support:appcompat-v7:22.2.0] AndroidManifest.xml:22:5-20
MERGED from [com.android.support:support-v4:23.0.1] AndroidManifest.xml:22:5-20
MERGED from [com.android.support:support-v4:23.0.1] AndroidManifest.xml:22:5-20
MERGED from [com.android.support:cardview-v7:22.2.0] AndroidManifest.xml:22:5-20
MERGED from [com.android.support:support-v4:23.0.1] AndroidManifest.xml:22:5-20
MERGED from [com.android.support:support-v4:23.0.1] AndroidManifest.xml:22:5-20
	android:label
		ADDED from src/main/AndroidManifest.xml:23:9-41
	android:allowBackup
		ADDED from src/main/AndroidManifest.xml:21:9-35
	android:icon
		ADDED from src/main/AndroidManifest.xml:22:9-45
	android:largeHeap
		ADDED from src/main/AndroidManifest.xml:24:9-33
	android:theme
		ADDED from src/main/AndroidManifest.xml:25:9-40
	android:name
		ADDED from src/main/AndroidManifest.xml:20:9-44
meta-data#com.google.android.gms.version
ADDED from src/main/AndroidManifest.xml:26:9-28:69
	android:value
		ADDED from src/main/AndroidManifest.xml:28:13-66
	android:name
		ADDED from src/main/AndroidManifest.xml:27:13-58
activity#com.samskrut.showcommerce.SplashScreen
ADDED from src/main/AndroidManifest.xml:30:9-39:20
	android:label
		ADDED from src/main/AndroidManifest.xml:32:13-45
	android:theme
		ADDED from src/main/AndroidManifest.xml:33:13-77
	android:name
		ADDED from src/main/AndroidManifest.xml:31:13-41
intent-filter#android.intent.action.MAIN+android.intent.category.LAUNCHER
ADDED from src/main/AndroidManifest.xml:34:13-38:29
action#android.intent.action.MAIN
ADDED from src/main/AndroidManifest.xml:35:17-69
	android:name
		ADDED from src/main/AndroidManifest.xml:35:25-66
category#android.intent.category.LAUNCHER
ADDED from src/main/AndroidManifest.xml:37:17-77
	android:name
		ADDED from src/main/AndroidManifest.xml:37:27-74
activity#com.samskrut.showcommerce.SigninPage
ADDED from src/main/AndroidManifest.xml:40:9-43:61
	android:screenOrientation
		ADDED from src/main/AndroidManifest.xml:43:13-49
	android:label
		ADDED from src/main/AndroidManifest.xml:42:13-63
	android:name
		ADDED from src/main/AndroidManifest.xml:41:13-39
activity#com.samskrut.showcommerce.ProductList
ADDED from src/main/AndroidManifest.xml:44:9-61:20
	android:label
		ADDED from src/main/AndroidManifest.xml:46:13-64
	android:parentActivityName
		ADDED from src/main/AndroidManifest.xml:48:13-59
	android:launchMode
		ADDED from src/main/AndroidManifest.xml:47:13-43
	android:theme
		ADDED from src/main/AndroidManifest.xml:49:13-74
	android:name
		ADDED from src/main/AndroidManifest.xml:45:13-40
intent-filter#android.intent.action.SEARCH
ADDED from src/main/AndroidManifest.xml:50:13-52:29
action#android.intent.action.SEARCH
ADDED from src/main/AndroidManifest.xml:51:17-71
	android:name
		ADDED from src/main/AndroidManifest.xml:51:25-68
meta-data#android.app.searchable
ADDED from src/main/AndroidManifest.xml:58:13-60:54
	android:resource
		ADDED from src/main/AndroidManifest.xml:60:17-51
	android:name
		ADDED from src/main/AndroidManifest.xml:59:17-54
activity#com.samskrut.showcommerce.CategoryGridView
ADDED from src/main/AndroidManifest.xml:62:9-77:20
	android:label
		ADDED from src/main/AndroidManifest.xml:64:13-71
	android:name
		ADDED from src/main/AndroidManifest.xml:63:13-45
activity#com.samskrut.showcommerce.QuickSurvey
ADDED from src/main/AndroidManifest.xml:78:9-80:71
	android:parentActivityName
		ADDED from src/main/AndroidManifest.xml:80:13-59
	android:name
		ADDED from src/main/AndroidManifest.xml:79:13-40
activity#com.samskrut.showcommerce.panorama.PanoramaActivity
ADDED from src/main/AndroidManifest.xml:88:9-72
	android:name
		ADDED from src/main/AndroidManifest.xml:88:19-60
activity#com.samskrut.showcommerce.ProductOverView
ADDED from src/main/AndroidManifest.xml:89:9-97:20
	android:label
		ADDED from src/main/AndroidManifest.xml:92:13-69
	android:parentActivityName
		ADDED from src/main/AndroidManifest.xml:93:13-54
	android:configChanges
		ADDED from src/main/AndroidManifest.xml:91:13-74
	android:name
		ADDED from src/main/AndroidManifest.xml:90:13-44
meta-data#isLaunchableActivity
ADDED from src/main/AndroidManifest.xml:94:13-96:50
	android:value
		ADDED from src/main/AndroidManifest.xml:96:17-37
	android:name
		ADDED from src/main/AndroidManifest.xml:95:17-52
receiver#com.samskrut.showcommerce.recivers.ConnectivityChangeReceiver
ADDED from src/main/AndroidManifest.xml:100:9-107:20
	android:enabled
		ADDED from src/main/AndroidManifest.xml:102:13-35
	android:exported
		ADDED from src/main/AndroidManifest.xml:103:13-36
	android:name
		ADDED from src/main/AndroidManifest.xml:101:13-64
intent-filter#android.net.conn.CONNECTIVITY_CHANGE
ADDED from src/main/AndroidManifest.xml:104:13-106:29
action#android.net.conn.CONNECTIVITY_CHANGE
ADDED from src/main/AndroidManifest.xml:105:17-79
	android:name
		ADDED from src/main/AndroidManifest.xml:105:25-76
uses-sdk
INJECTED from src/main/AndroidManifest.xml reason: use-sdk injection requested
MERGED from [com.android.support:support-v4:23.0.1] AndroidManifest.xml:20:5-43
MERGED from [com.android.support:design:22.2.0] AndroidManifest.xml:20:5-43
MERGED from [com.android.support:appcompat-v7:22.2.0] AndroidManifest.xml:20:5-43
MERGED from [com.android.support:support-v4:23.0.1] AndroidManifest.xml:20:5-43
MERGED from [com.android.support:support-v4:23.0.1] AndroidManifest.xml:20:5-43
MERGED from [com.android.support:cardview-v7:22.2.0] AndroidManifest.xml:20:5-43
MERGED from [com.google.android.gms:play-services:4.0.30] AndroidManifest.xml:7:5-42
MERGED from [com.android.support:support-v4:23.0.1] AndroidManifest.xml:20:5-43
MERGED from [com.android.support:support-v4:23.0.1] AndroidManifest.xml:20:5-43
	android:targetSdkVersion
		INJECTED from src/main/AndroidManifest.xml
		INJECTED from src/main/AndroidManifest.xml
	android:minSdkVersion
		INJECTED from src/main/AndroidManifest.xml
		INJECTED from src/main/AndroidManifest.xml